G:\ENCLOSEAREA\ENCLOSEAREA\DEBUG\ENCLOSEAREA.PCH
G:\ENCLOSEAREA\ENCLOSEAREA\DEBUG\STDAFX.OBJ
G:\ENCLOSEAREA\ENCLOSEAREA\DEBUG\VC110.PDB
G:\ENCLOSEAREA\ENCLOSEAREA\DEBUG\BASE.OBJ
G:\ENCLOSEAREA\ENCLOSEAREA\DEBUG\ENCLOSEAREA.OBJ
G:\ENCLOSEAREA\ENCLOSEAREA\DEBUG\MODALENTITY.OBJ
G:\ENCLOSEAREA\ENCLOSEAREA\DEBUG\POINT.OBJ
G:\ENCLOSEAREA\ENCLOSEAREA\DEBUG\INPUTANDOUTPUT.OBJ
G:\ENCLOSEAREA\ENCLOSEAREA\DEBUG\LINE.OBJ
G:\ENCLOSEAREA\ENCLOSEAREA\DEBUG\POLYLINE.OBJ
G:\ENCLOSEAREA\ENCLOSEAREA\DEBUG\ENCLOSEAREADLG.OBJ
G:\ENCLOSEAREA\ENCLOSEAREA\DEBUG\MINIMUMCLOSEDAREA.OBJ
G:\ENCLOSEAREA\DEBUG\ENCLOSEAREA.ILK
G:\ENCLOSEAREA\DEBUG\ENCLOSEAREA.EXE
G:\ENCLOSEAREA\DEBUG\ENCLOSEAREA.PDB
G:\ENCLOSEAREA\ENCLOSEAREA\DEBUG\ENCLOSEAREA.RES
G:\EncloseArea\EncloseArea\Debug\Base.obj
G:\EncloseArea\EncloseArea\Debug\EncloseArea.obj
G:\EncloseArea\EncloseArea\Debug\EncloseAreaDlg.obj
G:\EncloseArea\EncloseArea\Debug\InputAndOutput.obj
G:\EncloseArea\EncloseArea\Debug\Line.obj
G:\EncloseArea\EncloseArea\Debug\MinimumClosedArea.obj
G:\EncloseArea\EncloseArea\Debug\ModalEntity.obj
G:\EncloseArea\EncloseArea\Debug\Point.obj
G:\EncloseArea\EncloseArea\Debug\Polyline.obj
G:\EncloseArea\EncloseArea\Debug\stdafx.obj
G:\EncloseArea\EncloseArea\Debug\cl.command.1.tlog
G:\EncloseArea\EncloseArea\Debug\CL.read.1.tlog
G:\EncloseArea\EncloseArea\Debug\CL.write.1.tlog
G:\EncloseArea\EncloseArea\Debug\link-cvtres.read.1.tlog
G:\EncloseArea\EncloseArea\Debug\link-cvtres.write.1.tlog
G:\EncloseArea\EncloseArea\Debug\link-mt.read.1.tlog
G:\EncloseArea\EncloseArea\Debug\link-mt.write.1.tlog
G:\EncloseArea\EncloseArea\Debug\link-rc.read.1.tlog
G:\EncloseArea\EncloseArea\Debug\link-rc.write.1.tlog
G:\EncloseArea\EncloseArea\Debug\link.10296-cvtres.read.1.tlog
G:\EncloseArea\EncloseArea\Debug\link.10296-cvtres.write.1.tlog
G:\EncloseArea\EncloseArea\Debug\link.10296-mt.read.1.tlog
G:\EncloseArea\EncloseArea\Debug\link.10296-mt.write.1.tlog
G:\EncloseArea\EncloseArea\Debug\link.10296-rc.read.1.tlog
G:\EncloseArea\EncloseArea\Debug\link.10296-rc.write.1.tlog
G:\EncloseArea\EncloseArea\Debug\link.10296.read.1.tlog
G:\EncloseArea\EncloseArea\Debug\link.10296.write.1.tlog
G:\EncloseArea\EncloseArea\Debug\link.11936-cvtres.read.1.tlog
G:\EncloseArea\EncloseArea\Debug\link.11936-cvtres.write.1.tlog
G:\EncloseArea\EncloseArea\Debug\link.11936-mt.read.1.tlog
G:\EncloseArea\EncloseArea\Debug\link.11936-mt.write.1.tlog
G:\EncloseArea\EncloseArea\Debug\link.11936-rc.read.1.tlog
G:\EncloseArea\EncloseArea\Debug\link.11936-rc.write.1.tlog
G:\EncloseArea\EncloseArea\Debug\link.11936.read.1.tlog
G:\EncloseArea\EncloseArea\Debug\link.11936.write.1.tlog
G:\EncloseArea\EncloseArea\Debug\link.12276-cvtres.read.1.tlog
G:\EncloseArea\EncloseArea\Debug\link.12276-cvtres.write.1.tlog
G:\EncloseArea\EncloseArea\Debug\link.12276-mt.read.1.tlog
G:\EncloseArea\EncloseArea\Debug\link.12276-mt.write.1.tlog
G:\EncloseArea\EncloseArea\Debug\link.12276-rc.read.1.tlog
G:\EncloseArea\EncloseArea\Debug\link.12276-rc.write.1.tlog
G:\EncloseArea\EncloseArea\Debug\link.12276.read.1.tlog
G:\EncloseArea\EncloseArea\Debug\link.12276.write.1.tlog
G:\EncloseArea\EncloseArea\Debug\link.12540-cvtres.read.1.tlog
G:\EncloseArea\EncloseArea\Debug\link.12540-cvtres.write.1.tlog
G:\EncloseArea\EncloseArea\Debug\link.12540-mt.read.1.tlog
G:\EncloseArea\EncloseArea\Debug\link.12540-mt.write.1.tlog
G:\EncloseArea\EncloseArea\Debug\link.12540-rc.read.1.tlog
G:\EncloseArea\EncloseArea\Debug\link.12540-rc.write.1.tlog
G:\EncloseArea\EncloseArea\Debug\link.12540.read.1.tlog
G:\EncloseArea\EncloseArea\Debug\link.12540.write.1.tlog
G:\EncloseArea\EncloseArea\Debug\link.15108-cvtres.read.1.tlog
G:\EncloseArea\EncloseArea\Debug\link.15108-cvtres.write.1.tlog
G:\EncloseArea\EncloseArea\Debug\link.15108-mt.read.1.tlog
G:\EncloseArea\EncloseArea\Debug\link.15108-mt.write.1.tlog
G:\EncloseArea\EncloseArea\Debug\link.15108-rc.read.1.tlog
G:\EncloseArea\EncloseArea\Debug\link.15108-rc.write.1.tlog
G:\EncloseArea\EncloseArea\Debug\link.15108.read.1.tlog
G:\EncloseArea\EncloseArea\Debug\link.15108.write.1.tlog
G:\EncloseArea\EncloseArea\Debug\link.2464-cvtres.read.1.tlog
G:\EncloseArea\EncloseArea\Debug\link.2464-cvtres.write.1.tlog
G:\EncloseArea\EncloseArea\Debug\link.2464-mt.read.1.tlog
G:\EncloseArea\EncloseArea\Debug\link.2464-mt.write.1.tlog
G:\EncloseArea\EncloseArea\Debug\link.2464-rc.read.1.tlog
G:\EncloseArea\EncloseArea\Debug\link.2464-rc.write.1.tlog
G:\EncloseArea\EncloseArea\Debug\link.2464.read.1.tlog
G:\EncloseArea\EncloseArea\Debug\link.2464.write.1.tlog
G:\EncloseArea\EncloseArea\Debug\link.4452-cvtres.read.1.tlog
G:\EncloseArea\EncloseArea\Debug\link.4452-cvtres.write.1.tlog
G:\EncloseArea\EncloseArea\Debug\link.4452-mt.read.1.tlog
G:\EncloseArea\EncloseArea\Debug\link.4452-mt.write.1.tlog
G:\EncloseArea\EncloseArea\Debug\link.4452-rc.read.1.tlog
G:\EncloseArea\EncloseArea\Debug\link.4452-rc.write.1.tlog
G:\EncloseArea\EncloseArea\Debug\link.4452.read.1.tlog
G:\EncloseArea\EncloseArea\Debug\link.4452.write.1.tlog
G:\EncloseArea\EncloseArea\Debug\link.7124-cvtres.read.1.tlog
G:\EncloseArea\EncloseArea\Debug\link.7124-cvtres.write.1.tlog
G:\EncloseArea\EncloseArea\Debug\link.7124-mt.read.1.tlog
G:\EncloseArea\EncloseArea\Debug\link.7124-mt.write.1.tlog
G:\EncloseArea\EncloseArea\Debug\link.7124-rc.read.1.tlog
G:\EncloseArea\EncloseArea\Debug\link.7124-rc.write.1.tlog
G:\EncloseArea\EncloseArea\Debug\link.7124.read.1.tlog
G:\EncloseArea\EncloseArea\Debug\link.7124.write.1.tlog
G:\EncloseArea\EncloseArea\Debug\link.9480-cvtres.read.1.tlog
G:\EncloseArea\EncloseArea\Debug\link.9480-cvtres.write.1.tlog
G:\EncloseArea\EncloseArea\Debug\link.9480-mt.read.1.tlog
G:\EncloseArea\EncloseArea\Debug\link.9480-mt.write.1.tlog
G:\EncloseArea\EncloseArea\Debug\link.9480-rc.read.1.tlog
G:\EncloseArea\EncloseArea\Debug\link.9480-rc.write.1.tlog
G:\EncloseArea\EncloseArea\Debug\link.9480.read.1.tlog
G:\EncloseArea\EncloseArea\Debug\link.9480.write.1.tlog
G:\EncloseArea\EncloseArea\Debug\link.command.1.tlog
G:\EncloseArea\EncloseArea\Debug\link.read.1.tlog
G:\EncloseArea\EncloseArea\Debug\link.write.1.tlog
G:\EncloseArea\EncloseArea\Debug\rc.command.1.tlog
G:\EncloseArea\EncloseArea\Debug\rc.read.1.tlog
G:\EncloseArea\EncloseArea\Debug\rc.write.1.tlog
G:\EncloseArea\EncloseArea\Debug\EncloseArea.res
G:\EncloseArea\EncloseArea\Debug\EncloseArea.pch
G:\EncloseArea\EncloseArea\Debug\vc110.idb
G:\EncloseArea\EncloseArea\Debug\vc110.pdb
G:\EncloseArea\Debug\EncloseArea.pdb
G:\EncloseArea\Debug\EncloseArea.exe
G:\EncloseArea\Debug\EncloseArea.ilk
